E:\CloudEMR\HMS.Web.UI\dist\out-tsc\app\helpers.js
E:\CloudEMR\HMS.Web.UI\dist\out-tsc\app\helpers.js.map
E:\CloudEMR\HMS.Web.UI\dist\out-tsc\app\AngularConfig\global.js
E:\CloudEMR\HMS.Web.UI\dist\out-tsc\app\AngularConfig\global.js.map
E:\CloudEMR\HMS.Web.UI\dist\out-tsc\app\CommonService\encryption.service.js
E:\CloudEMR\HMS.Web.UI\dist\out-tsc\app\CommonService\encryption.service.js.map
E:\CloudEMR\HMS.Web.UI\dist\out-tsc\app\CommonService\CommonToastrService.js
E:\CloudEMR\HMS.Web.UI\dist\out-tsc\app\CommonService\CommonToastrService.js.map
E:\CloudEMR\HMS.Web.UI\dist\out-tsc\app\CommonService\HttpService.js
E:\CloudEMR\HMS.Web.UI\dist\out-tsc\app\CommonService\HttpService.js.map
E:\CloudEMR\HMS.Web.UI\dist\out-tsc\app\theme\Module\models\company.model.js
E:\CloudEMR\HMS.Web.UI\dist\out-tsc\app\theme\Module\models\company.model.js.map
E:\CloudEMR\HMS.Web.UI\dist\out-tsc\app\theme\Module\models\setup-pass.model.js
E:\CloudEMR\HMS.Web.UI\dist\out-tsc\app\theme\Module\models\setup-pass.model.js.map
E:\CloudEMR\HMS.Web.UI\dist\out-tsc\app\theme\Module\company\company.service.js
E:\CloudEMR\HMS.Web.UI\dist\out-tsc\app\theme\Module\company\company.service.js.map
E:\CloudEMR\HMS.Web.UI\dist\out-tsc\app\CommonService\LoaderService.js
E:\CloudEMR\HMS.Web.UI\dist\out-tsc\app\CommonService\LoaderService.js.map
E:\CloudEMR\HMS.Web.UI\dist\out-tsc\app\CommonService\CommonService.js
E:\CloudEMR\HMS.Web.UI\dist\out-tsc\app\CommonService\CommonService.js.map
E:\CloudEMR\HMS.Web.UI\dist\out-tsc\app\Module\model\User.model.js
E:\CloudEMR\HMS.Web.UI\dist\out-tsc\app\Module\model\User.model.js.map
E:\CloudEMR\HMS.Web.UI\dist\out-tsc\app\theme\layouts\aside-nav\aside-nav.component.js
E:\CloudEMR\HMS.Web.UI\dist\out-tsc\app\theme\layouts\aside-nav\aside-nav.component.js.map
E:\CloudEMR\HMS.Web.UI\dist\out-tsc\app\theme\layouts\footer\footer.component.js
E:\CloudEMR\HMS.Web.UI\dist\out-tsc\app\theme\layouts\footer\footer.component.js.map
E:\CloudEMR\HMS.Web.UI\dist\out-tsc\app\theme\layouts\header-user\header-user.component.js
E:\CloudEMR\HMS.Web.UI\dist\out-tsc\app\theme\layouts\header-user\header-user.component.js.map
E:\CloudEMR\HMS.Web.UI\dist\out-tsc\app\CommonService\AsidebarService.js
E:\CloudEMR\HMS.Web.UI\dist\out-tsc\app\CommonService\AsidebarService.js.map
E:\CloudEMR\HMS.Web.UI\dist\out-tsc\app\CommonService\DashboardMenuService.js
E:\CloudEMR\HMS.Web.UI\dist\out-tsc\app\CommonService\DashboardMenuService.js.map
E:\CloudEMR\HMS.Web.UI\dist\out-tsc\app\Module\model\Login.model.js
E:\CloudEMR\HMS.Web.UI\dist\out-tsc\app\Module\model\Login.model.js.map
E:\CloudEMR\HMS.Web.UI\dist\out-tsc\app\CommonService\AuthenticationService.js
E:\CloudEMR\HMS.Web.UI\dist\out-tsc\app\CommonService\AuthenticationService.js.map
E:\CloudEMR\HMS.Web.UI\dist\out-tsc\app\theme\layouts\asidebar\asidebar.component.js
E:\CloudEMR\HMS.Web.UI\dist\out-tsc\app\theme\layouts\asidebar\asidebar.component.js.map
E:\CloudEMR\HMS.Web.UI\dist\out-tsc\app\theme\layouts\layout.module.js
E:\CloudEMR\HMS.Web.UI\dist\out-tsc\app\theme\layouts\layout.module.js.map
E:\CloudEMR\HMS.Web.UI\dist\out-tsc\app\Module\account\account.service.js
E:\CloudEMR\HMS.Web.UI\dist\out-tsc\app\Module\account\account.service.js.map
E:\CloudEMR\HMS.Web.UI\dist\out-tsc\app\Module\account\register\register.component.js
E:\CloudEMR\HMS.Web.UI\dist\out-tsc\app\Module\account\register\register.component.js.map
E:\CloudEMR\HMS.Web.UI\dist\out-tsc\app\Module\account\contact\contact.service.js
E:\CloudEMR\HMS.Web.UI\dist\out-tsc\app\Module\account\contact\contact.service.js.map
E:\CloudEMR\HMS.Web.UI\dist\out-tsc\app\Module\account\contact\contact.component.js
E:\CloudEMR\HMS.Web.UI\dist\out-tsc\app\Module\account\contact\contact.component.js.map
E:\CloudEMR\HMS.Web.UI\dist\out-tsc\app\Module\account\login\login.component.js
E:\CloudEMR\HMS.Web.UI\dist\out-tsc\app\Module\account\login\login.component.js.map
E:\CloudEMR\HMS.Web.UI\dist\out-tsc\app\Module\account\forgotpassword\forgotpassword.component.js
E:\CloudEMR\HMS.Web.UI\dist\out-tsc\app\Module\account\forgotpassword\forgotpassword.component.js.map
E:\CloudEMR\HMS.Web.UI\dist\out-tsc\app\Module\account\account.component.js
E:\CloudEMR\HMS.Web.UI\dist\out-tsc\app\Module\account\account.component.js.map
E:\CloudEMR\HMS.Web.UI\dist\out-tsc\app\Module\account\confirmed\confirmed.component.js
E:\CloudEMR\HMS.Web.UI\dist\out-tsc\app\Module\account\confirmed\confirmed.component.js.map
E:\CloudEMR\HMS.Web.UI\dist\out-tsc\app\Module\account\confirm-email\confirm-email.component.js
E:\CloudEMR\HMS.Web.UI\dist\out-tsc\app\Module\account\confirm-email\confirm-email.component.js.map
E:\CloudEMR\HMS.Web.UI\dist\out-tsc\app\Module\account\forgotpassconfirmation\forgotpassconfirmation.component.js
E:\CloudEMR\HMS.Web.UI\dist\out-tsc\app\Module\account\forgotpassconfirmation\forgotpassconfirmation.component.js.map
E:\CloudEMR\HMS.Web.UI\dist\out-tsc\app\Module\account\passwordchanged\passwordchanged.component.js
E:\CloudEMR\HMS.Web.UI\dist\out-tsc\app\Module\account\passwordchanged\passwordchanged.component.js.map
E:\CloudEMR\HMS.Web.UI\dist\out-tsc\app\Module\account\resetpassword\resetpassword.component.js
E:\CloudEMR\HMS.Web.UI\dist\out-tsc\app\Module\account\resetpassword\resetpassword.component.js.map
E:\CloudEMR\HMS.Web.UI\dist\out-tsc\app\Module\account\accpasswordchange\accpasswordchange.component.js
E:\CloudEMR\HMS.Web.UI\dist\out-tsc\app\Module\account\accpasswordchange\accpasswordchange.component.js.map
E:\CloudEMR\HMS.Web.UI\dist\out-tsc\app\app-routing.module.js
E:\CloudEMR\HMS.Web.UI\dist\out-tsc\app\app-routing.module.js.map
E:\CloudEMR\HMS.Web.UI\dist\out-tsc\app\app.component.js
E:\CloudEMR\HMS.Web.UI\dist\out-tsc\app\app.component.js.map
E:\CloudEMR\HMS.Web.UI\dist\out-tsc\app\theme\themeService.js
E:\CloudEMR\HMS.Web.UI\dist\out-tsc\app\theme\themeService.js.map
E:\CloudEMR\HMS.Web.UI\dist\out-tsc\app\theme\themeModel.js
E:\CloudEMR\HMS.Web.UI\dist\out-tsc\app\theme\themeModel.js.map
E:\CloudEMR\HMS.Web.UI\dist\out-tsc\app\theme\theme.component.js
E:\CloudEMR\HMS.Web.UI\dist\out-tsc\app\theme\theme.component.js.map
E:\CloudEMR\HMS.Web.UI\dist\out-tsc\app\CommonService\AuthGuard.js
E:\CloudEMR\HMS.Web.UI\dist\out-tsc\app\CommonService\AuthGuard.js.map
E:\CloudEMR\HMS.Web.UI\dist\out-tsc\app\theme\Module\company\company.component.js
E:\CloudEMR\HMS.Web.UI\dist\out-tsc\app\theme\Module\company\company.component.js.map
E:\CloudEMR\HMS.Web.UI\dist\out-tsc\app\theme\Module\changepassword\changepassword.component.js
E:\CloudEMR\HMS.Web.UI\dist\out-tsc\app\theme\Module\changepassword\changepassword.component.js.map
E:\CloudEMR\HMS.Web.UI\dist\out-tsc\app\theme\Module\createpassword\createpassword.component.js
E:\CloudEMR\HMS.Web.UI\dist\out-tsc\app\theme\Module\createpassword\createpassword.component.js.map
E:\CloudEMR\HMS.Web.UI\dist\out-tsc\app\theme\Module\setup\SetupDashboard\SetupDashboardService.js
E:\CloudEMR\HMS.Web.UI\dist\out-tsc\app\theme\Module\setup\SetupDashboard\SetupDashboardService.js.map
E:\CloudEMR\HMS.Web.UI\dist\out-tsc\app\CommonService\FileService.js
E:\CloudEMR\HMS.Web.UI\dist\out-tsc\app\CommonService\FileService.js.map
E:\CloudEMR\HMS.Web.UI\dist\out-tsc\app\theme\Module\setup\SetupDashboard\SetupDashboardComponent.js
E:\CloudEMR\HMS.Web.UI\dist\out-tsc\app\theme\Module\setup\SetupDashboard\SetupDashboardComponent.js.map
E:\CloudEMR\HMS.Web.UI\dist\out-tsc\app\theme\Module\Reports\ReportComponentForm.js
E:\CloudEMR\HMS.Web.UI\dist\out-tsc\app\theme\Module\Reports\ReportComponentForm.js.map
E:\CloudEMR\HMS.Web.UI\dist\out-tsc\app\theme\Module\Dashboard\DashboardModel.js
E:\CloudEMR\HMS.Web.UI\dist\out-tsc\app\theme\Module\Dashboard\DashboardModel.js.map
E:\CloudEMR\HMS.Web.UI\dist\out-tsc\app\theme\Module\Dashboard\DashboardService.js
E:\CloudEMR\HMS.Web.UI\dist\out-tsc\app\theme\Module\Dashboard\DashboardService.js.map
E:\CloudEMR\HMS.Web.UI\dist\out-tsc\app\theme\Module\setup\Appointment\AppointmentModel.js
E:\CloudEMR\HMS.Web.UI\dist\out-tsc\app\theme\Module\setup\Appointment\AppointmentModel.js.map
E:\CloudEMR\HMS.Web.UI\dist\out-tsc\app\theme\Module\setup\Setting\ApplicationUser\ApplicationUserModel.js
E:\CloudEMR\HMS.Web.UI\dist\out-tsc\app\theme\Module\setup\Setting\ApplicationUser\ApplicationUserModel.js.map
E:\CloudEMR\HMS.Web.UI\dist\out-tsc\app\theme\Module\setup\Prescription\PrescriptionModel.js
E:\CloudEMR\HMS.Web.UI\dist\out-tsc\app\theme\Module\setup\Prescription\PrescriptionModel.js.map
E:\CloudEMR\HMS.Web.UI\dist\out-tsc\app\theme\Module\setup\Billing\BillingModel.js
E:\CloudEMR\HMS.Web.UI\dist\out-tsc\app\theme\Module\setup\Billing\BillingModel.js.map
E:\CloudEMR\HMS.Web.UI\dist\out-tsc\app\theme\Module\setup\Appointment\AppointmentService.js
E:\CloudEMR\HMS.Web.UI\dist\out-tsc\app\theme\Module\setup\Appointment\AppointmentService.js.map
E:\CloudEMR\HMS.Web.UI\dist\out-tsc\app\theme\Module\Dashboard\DashboardForm.js
E:\CloudEMR\HMS.Web.UI\dist\out-tsc\app\theme\Module\Dashboard\DashboardForm.js.map
E:\CloudEMR\HMS.Web.UI\dist\out-tsc\app\CommonComponent\PageList\PageListComponentConfig.js
E:\CloudEMR\HMS.Web.UI\dist\out-tsc\app\CommonComponent\PageList\PageListComponentConfig.js.map
E:\CloudEMR\HMS.Web.UI\dist\out-tsc\app\AngularElement\multiselect-dropdown.js
E:\CloudEMR\HMS.Web.UI\dist\out-tsc\app\AngularElement\multiselect-dropdown.js.map
E:\CloudEMR\HMS.Web.UI\dist\out-tsc\app\CommonComponent\PageList\PageListComponent.js
E:\CloudEMR\HMS.Web.UI\dist\out-tsc\app\CommonComponent\PageList\PageListComponent.js.map
E:\CloudEMR\HMS.Web.UI\dist\out-tsc\app\theme\Module\setup\Patient\PatientModel.js
E:\CloudEMR\HMS.Web.UI\dist\out-tsc\app\theme\Module\setup\Patient\PatientModel.js.map
E:\CloudEMR\HMS.Web.UI\dist\out-tsc\app\theme\Module\setup\Patient\PatientService.js
E:\CloudEMR\HMS.Web.UI\dist\out-tsc\app\theme\Module\setup\Patient\PatientService.js.map
E:\CloudEMR\HMS.Web.UI\dist\out-tsc\app\theme\Module\setup\Patient\PatientComponentForm.js
E:\CloudEMR\HMS.Web.UI\dist\out-tsc\app\theme\Module\setup\Patient\PatientComponentForm.js.map
E:\CloudEMR\HMS.Web.UI\dist\out-tsc\app\CommonComponent\PaginationComponentConfig.js
E:\CloudEMR\HMS.Web.UI\dist\out-tsc\app\CommonComponent\PaginationComponentConfig.js.map
E:\CloudEMR\HMS.Web.UI\dist\out-tsc\app\theme\Module\setup\Patient\PatientComponentList.js
E:\CloudEMR\HMS.Web.UI\dist\out-tsc\app\theme\Module\setup\Patient\PatientComponentList.js.map
E:\CloudEMR\HMS.Web.UI\dist\out-tsc\app\theme\Module\setup\Expense\ExpenseModel.js
E:\CloudEMR\HMS.Web.UI\dist\out-tsc\app\theme\Module\setup\Expense\ExpenseModel.js.map
E:\CloudEMR\HMS.Web.UI\dist\out-tsc\app\theme\Module\setup\Expense\ExpenseService.js
E:\CloudEMR\HMS.Web.UI\dist\out-tsc\app\theme\Module\setup\Expense\ExpenseService.js.map
E:\CloudEMR\HMS.Web.UI\dist\out-tsc\app\theme\Module\setup\Expense\ExpenseComponentForm.js
E:\CloudEMR\HMS.Web.UI\dist\out-tsc\app\theme\Module\setup\Expense\ExpenseComponentForm.js.map
E:\CloudEMR\HMS.Web.UI\dist\out-tsc\app\theme\Module\setup\Expense\ExpenseComponentList.js
E:\CloudEMR\HMS.Web.UI\dist\out-tsc\app\theme\Module\setup\Expense\ExpenseComponentList.js.map
E:\CloudEMR\HMS.Web.UI\dist\out-tsc\app\theme\Module\setup\Prescription\PrescriptionService.js
E:\CloudEMR\HMS.Web.UI\dist\out-tsc\app\theme\Module\setup\Prescription\PrescriptionService.js.map
E:\CloudEMR\HMS.Web.UI\dist\out-tsc\app\theme\Module\setup\Prescription\PrescriptionComponentForm.js
E:\CloudEMR\HMS.Web.UI\dist\out-tsc\app\theme\Module\setup\Prescription\PrescriptionComponentForm.js.map
E:\CloudEMR\HMS.Web.UI\dist\out-tsc\app\theme\Module\setup\Prescription\PrescriptionComponentList.js
E:\CloudEMR\HMS.Web.UI\dist\out-tsc\app\theme\Module\setup\Prescription\PrescriptionComponentList.js.map
E:\CloudEMR\HMS.Web.UI\dist\out-tsc\app\theme\Module\setup\Billing\BillingService.js
E:\CloudEMR\HMS.Web.UI\dist\out-tsc\app\theme\Module\setup\Billing\BillingService.js.map
E:\CloudEMR\HMS.Web.UI\dist\out-tsc\app\theme\Module\setup\Billing\BillingComponentForm.js
E:\CloudEMR\HMS.Web.UI\dist\out-tsc\app\theme\Module\setup\Billing\BillingComponentForm.js.map
E:\CloudEMR\HMS.Web.UI\dist\out-tsc\app\theme\Module\setup\Billing\BillingComponentList.js
E:\CloudEMR\HMS.Web.UI\dist\out-tsc\app\theme\Module\setup\Billing\BillingComponentList.js.map
E:\CloudEMR\HMS.Web.UI\dist\out-tsc\app\theme\Module\setup\Income\IncomeModel.js
E:\CloudEMR\HMS.Web.UI\dist\out-tsc\app\theme\Module\setup\Income\IncomeModel.js.map
E:\CloudEMR\HMS.Web.UI\dist\out-tsc\app\theme\Module\setup\Income\IncomeService.js
E:\CloudEMR\HMS.Web.UI\dist\out-tsc\app\theme\Module\setup\Income\IncomeService.js.map
E:\CloudEMR\HMS.Web.UI\dist\out-tsc\app\theme\Module\setup\Income\IncomeComponentForm.js
E:\CloudEMR\HMS.Web.UI\dist\out-tsc\app\theme\Module\setup\Income\IncomeComponentForm.js.map
E:\CloudEMR\HMS.Web.UI\dist\out-tsc\app\theme\Module\setup\Income\IncomeComponentList.js
E:\CloudEMR\HMS.Web.UI\dist\out-tsc\app\theme\Module\setup\Income\IncomeComponentList.js.map
E:\CloudEMR\HMS.Web.UI\dist\out-tsc\app\theme\Module\setup\Patient\SummeryComponentList.js
E:\CloudEMR\HMS.Web.UI\dist\out-tsc\app\theme\Module\setup\Patient\SummeryComponentList.js.map
E:\CloudEMR\HMS.Web.UI\dist\out-tsc\app\theme\Module\setup\Patient\VitalComponentList.js
E:\CloudEMR\HMS.Web.UI\dist\out-tsc\app\theme\Module\setup\Patient\VitalComponentList.js.map
E:\CloudEMR\HMS.Web.UI\dist\out-tsc\app\theme\Module\setup\Patient\BillSummeryComponentForm.js
E:\CloudEMR\HMS.Web.UI\dist\out-tsc\app\theme\Module\setup\Patient\BillSummeryComponentForm.js.map
E:\CloudEMR\HMS.Web.UI\dist\out-tsc\app\theme\Module\setup\Patient\AppointSummeryComponentList.js
E:\CloudEMR\HMS.Web.UI\dist\out-tsc\app\theme\Module\setup\Patient\AppointSummeryComponentList.js.map
E:\CloudEMR\HMS.Web.UI\dist\out-tsc\app\theme\Module\setup\Patient\DocumentSummeryComponentList.js
E:\CloudEMR\HMS.Web.UI\dist\out-tsc\app\theme\Module\setup\Patient\DocumentSummeryComponentList.js.map
E:\CloudEMR\HMS.Web.UI\dist\out-tsc\app\CommonComponent\DatetimePickerComponent\DatetimePickerComponent.js
E:\CloudEMR\HMS.Web.UI\dist\out-tsc\app\CommonComponent\DatetimePickerComponent\DatetimePickerComponent.js.map
E:\CloudEMR\HMS.Web.UI\dist\out-tsc\app\CommonComponent\ReportViewer\ViewerComponent.js
E:\CloudEMR\HMS.Web.UI\dist\out-tsc\app\CommonComponent\ReportViewer\ViewerComponent.js.map
E:\CloudEMR\HMS.Web.UI\dist\out-tsc\app\CommonComponent\DialogboxComponent\DialogboxComponent.js
E:\CloudEMR\HMS.Web.UI\dist\out-tsc\app\CommonComponent\DialogboxComponent\DialogboxComponent.js.map
E:\CloudEMR\HMS.Web.UI\dist\out-tsc\app\CommonComponent\FileUploadComponent\FileUploadComponent.js
E:\CloudEMR\HMS.Web.UI\dist\out-tsc\app\CommonComponent\FileUploadComponent\FileUploadComponent.js.map
E:\CloudEMR\HMS.Web.UI\dist\out-tsc\app\CommonComponent\PaginationComponent.js
E:\CloudEMR\HMS.Web.UI\dist\out-tsc\app\CommonComponent\PaginationComponent.js.map
E:\CloudEMR\HMS.Web.UI\dist\out-tsc\app\common\common-utils.module.js
E:\CloudEMR\HMS.Web.UI\dist\out-tsc\app\common\common-utils.module.js.map
E:\CloudEMR\HMS.Web.UI\dist\out-tsc\app\theme\theme-routing.module.js
E:\CloudEMR\HMS.Web.UI\dist\out-tsc\app\theme\theme-routing.module.js.map
E:\CloudEMR\HMS.Web.UI\dist\out-tsc\app\CommonService\SaveCtrlSDirective.js
E:\CloudEMR\HMS.Web.UI\dist\out-tsc\app\CommonService\SaveCtrlSDirective.js.map
E:\CloudEMR\HMS.Web.UI\dist\out-tsc\app\app.module.js
E:\CloudEMR\HMS.Web.UI\dist\out-tsc\app\app.module.js.map
E:\CloudEMR\HMS.Web.UI\dist\out-tsc\environments\environment.js
E:\CloudEMR\HMS.Web.UI\dist\out-tsc\environments\environment.js.map
E:\CloudEMR\HMS.Web.UI\dist\out-tsc\main.js
E:\CloudEMR\HMS.Web.UI\dist\out-tsc\main.js.map
E:\CloudEMR\HMS.Web.UI\dist\out-tsc\polyfills.js
E:\CloudEMR\HMS.Web.UI\dist\out-tsc\polyfills.js.map
E:\CloudEMR\HMS.Web.UI\dist\out-tsc\app\app-client-routing.module.js
E:\CloudEMR\HMS.Web.UI\dist\out-tsc\app\app-client-routing.module.js.map
E:\CloudEMR\HMS.Web.UI\dist\out-tsc\app\AngularConfig\main.js
E:\CloudEMR\HMS.Web.UI\dist\out-tsc\app\AngularConfig\main.js.map
E:\CloudEMR\HMS.Web.UI\dist\out-tsc\app\CommonService\CookieService.js
E:\CloudEMR\HMS.Web.UI\dist\out-tsc\app\CommonService\CookieService.js.map
E:\CloudEMR\HMS.Web.UI\dist\out-tsc\app\CommonService\KeyWordsService.js
E:\CloudEMR\HMS.Web.UI\dist\out-tsc\app\CommonService\KeyWordsService.js.map
E:\CloudEMR\HMS.Web.UI\dist\out-tsc\app\CommonService\SystemInfoService.js
E:\CloudEMR\HMS.Web.UI\dist\out-tsc\app\CommonService\SystemInfoService.js.map
E:\CloudEMR\HMS.Web.UI\dist\out-tsc\app\Module\model\Portal.model.js
E:\CloudEMR\HMS.Web.UI\dist\out-tsc\app\Module\model\Portal.model.js.map
E:\CloudEMR\HMS.Web.UI\dist\out-tsc\app\theme\theme-client-routing.module.js
E:\CloudEMR\HMS.Web.UI\dist\out-tsc\app\theme\theme-client-routing.module.js.map
E:\CloudEMR\HMS.Web.UI\dist\out-tsc\app\theme\Module\Reports\ReportModel.js
E:\CloudEMR\HMS.Web.UI\dist\out-tsc\app\theme\Module\Reports\ReportModel.js.map
E:\CloudEMR\HMS.Web.UI\dist\out-tsc\app\theme\Module\Reports\ReportService.js
E:\CloudEMR\HMS.Web.UI\dist\out-tsc\app\theme\Module\Reports\ReportService.js.map
E:\CloudEMR\HMS.Web.UI\dist\out-tsc\app\theme\Module\HTMLReports\PatientReport\PatientDetailComponentForm.js
E:\CloudEMR\HMS.Web.UI\dist\out-tsc\app\theme\Module\HTMLReports\PatientReport\PatientDetailComponentForm.js.map
E:\CloudEMR\HMS.Web.UI\dist\out-tsc\app\theme\Module\HTMLReports\PatientReport\FeeComponentForm.js
E:\CloudEMR\HMS.Web.UI\dist\out-tsc\app\theme\Module\HTMLReports\PatientReport\FeeComponentForm.js.map
E:\CloudEMR\HMS.Web.UI\dist\out-tsc\app\theme\Module\HTMLReports\PatientReport\AppointmentComponentReportForm.js
E:\CloudEMR\HMS.Web.UI\dist\out-tsc\app\theme\Module\HTMLReports\PatientReport\AppointmentComponentReportForm.js.map
E:\CloudEMR\HMS.Web.UI\dist\out-tsc\app\theme\Module\HTMLReports\PatientReport\BirthdayComponentRptForm.js
E:\CloudEMR\HMS.Web.UI\dist\out-tsc\app\theme\Module\HTMLReports\PatientReport\BirthdayComponentRptForm.js.map
E:\CloudEMR\HMS.Web.UI\dist\out-tsc\app\theme\Module\HTMLReports\PatientReport\DetailedPatientComponentRptForm.js
E:\CloudEMR\HMS.Web.UI\dist\out-tsc\app\theme\Module\HTMLReports\PatientReport\DetailedPatientComponentRptForm.js.map
E:\CloudEMR\HMS.Web.UI\dist\out-tsc\app\theme\Module\HTMLReports\PatientReport\FollowupComponentRptForm.js
E:\CloudEMR\HMS.Web.UI\dist\out-tsc\app\theme\Module\HTMLReports\PatientReport\FollowupComponentRptForm.js.map
E:\CloudEMR\HMS.Web.UI\dist\out-tsc\app\theme\Module\HTMLReports\PatientReport\OutstandingComponentRptForm.js
E:\CloudEMR\HMS.Web.UI\dist\out-tsc\app\theme\Module\HTMLReports\PatientReport\OutstandingComponentRptForm.js.map
E:\CloudEMR\HMS.Web.UI\dist\out-tsc\app\theme\Module\HTMLReports\PatientReport\PaymentComponentRptForm.js
E:\CloudEMR\HMS.Web.UI\dist\out-tsc\app\theme\Module\HTMLReports\PatientReport\PaymentComponentRptForm.js.map
E:\CloudEMR\HMS.Web.UI\dist\out-tsc\app\theme\Module\HTMLReports\FinancialReport\CashFlowRptForm.js
E:\CloudEMR\HMS.Web.UI\dist\out-tsc\app\theme\Module\HTMLReports\FinancialReport\CashFlowRptForm.js.map
E:\CloudEMR\HMS.Web.UI\dist\out-tsc\app\theme\Module\HTMLReports\FinancialReport\MedicinewiseRptForm.js
E:\CloudEMR\HMS.Web.UI\dist\out-tsc\app\theme\Module\HTMLReports\FinancialReport\MedicinewiseRptForm.js.map
E:\CloudEMR\HMS.Web.UI\dist\out-tsc\app\theme\Module\HTMLReports\FinancialReport\OutstandingIncomeRptForm.js
E:\CloudEMR\HMS.Web.UI\dist\out-tsc\app\theme\Module\HTMLReports\FinancialReport\OutstandingIncomeRptForm.js.map
E:\CloudEMR\HMS.Web.UI\dist\out-tsc\app\theme\Module\HTMLReports\FinancialReport\PaymentSummaryRptForm.js
E:\CloudEMR\HMS.Web.UI\dist\out-tsc\app\theme\Module\HTMLReports\FinancialReport\PaymentSummaryRptForm.js.map
E:\CloudEMR\HMS.Web.UI\dist\out-tsc\app\theme\Module\HTMLReports\FinancialReport\TreatmentwiseRptForm.js
E:\CloudEMR\HMS.Web.UI\dist\out-tsc\app\theme\Module\HTMLReports\FinancialReport\TreatmentwiseRptForm.js.map
E:\CloudEMR\HMS.Web.UI\dist\out-tsc\app\theme\Module\HTMLReports\DoctorReport\ClinicwiseComponentRptForm.js
E:\CloudEMR\HMS.Web.UI\dist\out-tsc\app\theme\Module\HTMLReports\DoctorReport\ClinicwiseComponentRptForm.js.map
E:\CloudEMR\HMS.Web.UI\dist\out-tsc\app\theme\Module\HTMLReports\DoctorReport\DoctorswiseComponentRptForm.js
E:\CloudEMR\HMS.Web.UI\dist\out-tsc\app\theme\Module\HTMLReports\DoctorReport\DoctorswiseComponentRptForm.js.map
E:\CloudEMR\HMS.Web.UI\dist\out-tsc\app\theme\Module\HTMLReports\DoctorReport\DoctorswisePaymentComponentRptForm.js
E:\CloudEMR\HMS.Web.UI\dist\out-tsc\app\theme\Module\HTMLReports\DoctorReport\DoctorswisePaymentComponentRptForm.js.map
E:\CloudEMR\HMS.Web.UI\dist\out-tsc\app\theme\Module\HTMLReports\DoctorReport\DoctorPaymentSummaryComponentRptForm.js
E:\CloudEMR\HMS.Web.UI\dist\out-tsc\app\theme\Module\HTMLReports\DoctorReport\DoctorPaymentSummaryComponentRptForm.js.map
E:\CloudEMR\HMS.Web.UI\dist\out-tsc\app\theme\Module\HTMLReports\report-routing.module.js
E:\CloudEMR\HMS.Web.UI\dist\out-tsc\app\theme\Module\HTMLReports\report-routing.module.js.map
E:\CloudEMR\HMS.Web.UI\dist\out-tsc\app\theme\Module\HTMLReports\report.module.js
E:\CloudEMR\HMS.Web.UI\dist\out-tsc\app\theme\Module\HTMLReports\report.module.js.map
E:\CloudEMR\HMS.Web.UI\dist\out-tsc\app\theme\Module\models\adm-company-location.js
E:\CloudEMR\HMS.Web.UI\dist\out-tsc\app\theme\Module\models\adm-company-location.js.map
E:\CloudEMR\HMS.Web.UI\dist\out-tsc\app\theme\Module\setup\Admin\Payment\PaymentService.js
E:\CloudEMR\HMS.Web.UI\dist\out-tsc\app\theme\Module\setup\Admin\Payment\PaymentService.js.map
E:\CloudEMR\HMS.Web.UI\dist\out-tsc\app\theme\Module\setup\Admin\Payment\PaymentComponentForm.js
E:\CloudEMR\HMS.Web.UI\dist\out-tsc\app\theme\Module\setup\Admin\Payment\PaymentComponentForm.js.map
E:\CloudEMR\HMS.Web.UI\dist\out-tsc\app\theme\Module\setup\Admin\Payment\PaymentComponentList.js
E:\CloudEMR\HMS.Web.UI\dist\out-tsc\app\theme\Module\setup\Admin\Payment\PaymentComponentList.js.map
E:\CloudEMR\HMS.Web.UI\dist\out-tsc\app\theme\Module\setup\Admin\Subscriber\SubscriberComponentList.js
E:\CloudEMR\HMS.Web.UI\dist\out-tsc\app\theme\Module\setup\Admin\Subscriber\SubscriberComponentList.js.map
E:\CloudEMR\HMS.Web.UI\dist\out-tsc\app\theme\Module\setup\Admin\Payment\RegisterComponentForm.js
E:\CloudEMR\HMS.Web.UI\dist\out-tsc\app\theme\Module\setup\Admin\Payment\RegisterComponentForm.js.map
E:\CloudEMR\HMS.Web.UI\dist\out-tsc\app\theme\Module\setup\Admin\admin-routing.module.js
E:\CloudEMR\HMS.Web.UI\dist\out-tsc\app\theme\Module\setup\Admin\admin-routing.module.js.map
E:\CloudEMR\HMS.Web.UI\dist\out-tsc\app\theme\Module\setup\Admin\admin.module.js
E:\CloudEMR\HMS.Web.UI\dist\out-tsc\app\theme\Module\setup\Admin\admin.module.js.map
E:\CloudEMR\HMS.Web.UI\dist\out-tsc\app\theme\Module\setup\Admission\AdmitAppointSummeryComponentList.js
E:\CloudEMR\HMS.Web.UI\dist\out-tsc\app\theme\Module\setup\Admission\AdmitAppointSummeryComponentList.js.map
E:\CloudEMR\HMS.Web.UI\dist\out-tsc\app\theme\Module\setup\Admission\AdmitModel.js
E:\CloudEMR\HMS.Web.UI\dist\out-tsc\app\theme\Module\setup\Admission\AdmitModel.js.map
E:\CloudEMR\HMS.Web.UI\dist\out-tsc\app\theme\Module\setup\Admission\AdmitService.js
E:\CloudEMR\HMS.Web.UI\dist\out-tsc\app\theme\Module\setup\Admission\AdmitService.js.map
E:\CloudEMR\HMS.Web.UI\dist\out-tsc\app\theme\Module\setup\Admission\AdmitBillSummeryComponentForm.js
E:\CloudEMR\HMS.Web.UI\dist\out-tsc\app\theme\Module\setup\Admission\AdmitBillSummeryComponentForm.js.map
E:\CloudEMR\HMS.Web.UI\dist\out-tsc\app\theme\Module\setup\Admission\AdmitChargeComponentList.js
E:\CloudEMR\HMS.Web.UI\dist\out-tsc\app\theme\Module\setup\Admission\AdmitChargeComponentList.js.map
E:\CloudEMR\HMS.Web.UI\dist\out-tsc\app\theme\Module\setup\Admission\AdmitComponentForm.js
E:\CloudEMR\HMS.Web.UI\dist\out-tsc\app\theme\Module\setup\Admission\AdmitComponentForm.js.map
E:\CloudEMR\HMS.Web.UI\dist\out-tsc\app\theme\Module\setup\Admission\AdmitComponentList.js
E:\CloudEMR\HMS.Web.UI\dist\out-tsc\app\theme\Module\setup\Admission\AdmitComponentList.js.map
E:\CloudEMR\HMS.Web.UI\dist\out-tsc\app\theme\Module\setup\Admission\AdmitDetailComponentList.js
E:\CloudEMR\HMS.Web.UI\dist\out-tsc\app\theme\Module\setup\Admission\AdmitDetailComponentList.js.map
E:\CloudEMR\HMS.Web.UI\dist\out-tsc\app\theme\Module\setup\Admission\AdmitDocumentSummeryComponentList.js
E:\CloudEMR\HMS.Web.UI\dist\out-tsc\app\theme\Module\setup\Admission\AdmitDocumentSummeryComponentList.js.map
E:\CloudEMR\HMS.Web.UI\dist\out-tsc\app\theme\Module\setup\Admission\AdmitImagingList.js
E:\CloudEMR\HMS.Web.UI\dist\out-tsc\app\theme\Module\setup\Admission\AdmitImagingList.js.map
E:\CloudEMR\HMS.Web.UI\dist\out-tsc\app\theme\Module\setup\Admission\AdmitLabsComponentList.js
E:\CloudEMR\HMS.Web.UI\dist\out-tsc\app\theme\Module\setup\Admission\AdmitLabsComponentList.js.map
E:\CloudEMR\HMS.Web.UI\dist\out-tsc\app\theme\Module\setup\Admission\AdmitMedicationList.js
E:\CloudEMR\HMS.Web.UI\dist\out-tsc\app\theme\Module\setup\Admission\AdmitMedicationList.js.map
E:\CloudEMR\HMS.Web.UI\dist\out-tsc\app\theme\Module\setup\Admission\AdmitNoteComponentList.js
E:\CloudEMR\HMS.Web.UI\dist\out-tsc\app\theme\Module\setup\Admission\AdmitNoteComponentList.js.map
E:\CloudEMR\HMS.Web.UI\dist\out-tsc\app\theme\Module\setup\Admission\AdmitOrderComponentList.js
E:\CloudEMR\HMS.Web.UI\dist\out-tsc\app\theme\Module\setup\Admission\AdmitOrderComponentList.js.map
E:\CloudEMR\HMS.Web.UI\dist\out-tsc\app\theme\Module\setup\Admission\AdmitProcedureComponentList.js
E:\CloudEMR\HMS.Web.UI\dist\out-tsc\app\theme\Module\setup\Admission\AdmitProcedureComponentList.js.map
E:\CloudEMR\HMS.Web.UI\dist\out-tsc\app\theme\Module\setup\Admission\AdmitSummeryComponentList.js
E:\CloudEMR\HMS.Web.UI\dist\out-tsc\app\theme\Module\setup\Admission\AdmitSummeryComponentList.js.map
E:\CloudEMR\HMS.Web.UI\dist\out-tsc\app\theme\Module\setup\Admission\AdmitVitalComponentList.js
E:\CloudEMR\HMS.Web.UI\dist\out-tsc\app\theme\Module\setup\Admission\AdmitVitalComponentList.js.map
E:\CloudEMR\HMS.Web.UI\dist\out-tsc\app\theme\Module\setup\Admission\DischargeReportComponent.js
E:\CloudEMR\HMS.Web.UI\dist\out-tsc\app\theme\Module\setup\Admission\DischargeReportComponent.js.map
E:\CloudEMR\HMS.Web.UI\dist\out-tsc\app\theme\Module\setup\Admission\admission-routing.module.js
E:\CloudEMR\HMS.Web.UI\dist\out-tsc\app\theme\Module\setup\Admission\admission-routing.module.js.map
E:\CloudEMR\HMS.Web.UI\dist\out-tsc\app\theme\Module\setup\Admission\admission.module.js
E:\CloudEMR\HMS.Web.UI\dist\out-tsc\app\theme\Module\setup\Admission\admission.module.js.map
E:\CloudEMR\HMS.Web.UI\dist\out-tsc\app\theme\Module\setup\Appointment\AppointComponentList.js
E:\CloudEMR\HMS.Web.UI\dist\out-tsc\app\theme\Module\setup\Appointment\AppointComponentList.js.map
E:\CloudEMR\HMS.Web.UI\dist\out-tsc\app\theme\Module\setup\Setting\ApplicationUser\ApplicationUserService.js
E:\CloudEMR\HMS.Web.UI\dist\out-tsc\app\theme\Module\setup\Setting\ApplicationUser\ApplicationUserService.js.map
E:\CloudEMR\HMS.Web.UI\dist\out-tsc\app\theme\Module\setup\Appointment\AppointmentComponentList.js
E:\CloudEMR\HMS.Web.UI\dist\out-tsc\app\theme\Module\setup\Appointment\AppointmentComponentList.js.map
E:\CloudEMR\HMS.Web.UI\dist\out-tsc\app\theme\Module\setup\Appointment\BillComponentForm.js
E:\CloudEMR\HMS.Web.UI\dist\out-tsc\app\theme\Module\setup\Appointment\BillComponentForm.js.map
E:\CloudEMR\HMS.Web.UI\dist\out-tsc\app\theme\Module\setup\Appointment\DocumentComponentList.js
E:\CloudEMR\HMS.Web.UI\dist\out-tsc\app\theme\Module\setup\Appointment\DocumentComponentList.js.map
E:\CloudEMR\HMS.Web.UI\dist\out-tsc\app\theme\Module\setup\Appointment\VitalPresComponentList.js
E:\CloudEMR\HMS.Web.UI\dist\out-tsc\app\theme\Module\setup\Appointment\VitalPresComponentList.js.map
E:\CloudEMR\HMS.Web.UI\dist\out-tsc\app\theme\Module\setup\Appointment\appointment-routing.module.js
E:\CloudEMR\HMS.Web.UI\dist\out-tsc\app\theme\Module\setup\Appointment\appointment-routing.module.js.map
E:\CloudEMR\HMS.Web.UI\dist\out-tsc\app\theme\Module\setup\Appointment\appointment.module.js
E:\CloudEMR\HMS.Web.UI\dist\out-tsc\app\theme\Module\setup\Appointment\appointment.module.js.map
E:\CloudEMR\HMS.Web.UI\dist\out-tsc\app\theme\Module\setup\Setting\Observation\ObservationModel.js
E:\CloudEMR\HMS.Web.UI\dist\out-tsc\app\theme\Module\setup\Setting\Observation\ObservationModel.js.map
E:\CloudEMR\HMS.Web.UI\dist\out-tsc\app\theme\Module\setup\Setting\Observation\ObservationService.js
E:\CloudEMR\HMS.Web.UI\dist\out-tsc\app\theme\Module\setup\Setting\Observation\ObservationService.js.map
E:\CloudEMR\HMS.Web.UI\dist\out-tsc\app\theme\Module\setup\Setting\Observation\ObservationComponentList.js
E:\CloudEMR\HMS.Web.UI\dist\out-tsc\app\theme\Module\setup\Setting\Observation\ObservationComponentList.js.map
E:\CloudEMR\HMS.Web.UI\dist\out-tsc\app\theme\Module\setup\Setting\Complaint\ComplaintModel.js
E:\CloudEMR\HMS.Web.UI\dist\out-tsc\app\theme\Module\setup\Setting\Complaint\ComplaintModel.js.map
E:\CloudEMR\HMS.Web.UI\dist\out-tsc\app\theme\Module\setup\Setting\Complaint\ComplaintService.js
E:\CloudEMR\HMS.Web.UI\dist\out-tsc\app\theme\Module\setup\Setting\Complaint\ComplaintService.js.map
E:\CloudEMR\HMS.Web.UI\dist\out-tsc\app\theme\Module\setup\Setting\Complaint\ComplaintComponentList.js
E:\CloudEMR\HMS.Web.UI\dist\out-tsc\app\theme\Module\setup\Setting\Complaint\ComplaintComponentList.js.map
E:\CloudEMR\HMS.Web.UI\dist\out-tsc\app\theme\Module\setup\Setting\Investigation\InvestigationModel.js
E:\CloudEMR\HMS.Web.UI\dist\out-tsc\app\theme\Module\setup\Setting\Investigation\InvestigationModel.js.map
E:\CloudEMR\HMS.Web.UI\dist\out-tsc\app\theme\Module\setup\Setting\Investigation\InvestigationService.js
E:\CloudEMR\HMS.Web.UI\dist\out-tsc\app\theme\Module\setup\Setting\Investigation\InvestigationService.js.map
E:\CloudEMR\HMS.Web.UI\dist\out-tsc\app\theme\Module\setup\Setting\Investigation\InvestigationComponentList.js
E:\CloudEMR\HMS.Web.UI\dist\out-tsc\app\theme\Module\setup\Setting\Investigation\InvestigationComponentList.js.map
E:\CloudEMR\HMS.Web.UI\dist\out-tsc\app\theme\Module\setup\Setting\Diagnos\DiagnosModel.js
E:\CloudEMR\HMS.Web.UI\dist\out-tsc\app\theme\Module\setup\Setting\Diagnos\DiagnosModel.js.map
E:\CloudEMR\HMS.Web.UI\dist\out-tsc\app\theme\Module\setup\Setting\Diagnos\DiagnosService.js
E:\CloudEMR\HMS.Web.UI\dist\out-tsc\app\theme\Module\setup\Setting\Diagnos\DiagnosService.js.map
E:\CloudEMR\HMS.Web.UI\dist\out-tsc\app\theme\Module\setup\Setting\Diagnos\DiagnosComponentList.js
E:\CloudEMR\HMS.Web.UI\dist\out-tsc\app\theme\Module\setup\Setting\Diagnos\DiagnosComponentList.js.map
E:\CloudEMR\HMS.Web.UI\dist\out-tsc\app\theme\Module\setup\Setting\MedicineInstruction\InstructionModel.js
E:\CloudEMR\HMS.Web.UI\dist\out-tsc\app\theme\Module\setup\Setting\MedicineInstruction\InstructionModel.js.map
E:\CloudEMR\HMS.Web.UI\dist\out-tsc\app\theme\Module\setup\Setting\MedicineInstruction\MedicineInstructionService.js
E:\CloudEMR\HMS.Web.UI\dist\out-tsc\app\theme\Module\setup\Setting\MedicineInstruction\MedicineInstructionService.js.map
E:\CloudEMR\HMS.Web.UI\dist\out-tsc\app\theme\Module\setup\Setting\MedicineInstruction\MedicineInstructionComponentList.js
E:\CloudEMR\HMS.Web.UI\dist\out-tsc\app\theme\Module\setup\Setting\MedicineInstruction\MedicineInstructionComponentList.js.map
E:\CloudEMR\HMS.Web.UI\dist\out-tsc\app\theme\Module\setup\Setting\Company\CompanyComponentForm.js
E:\CloudEMR\HMS.Web.UI\dist\out-tsc\app\theme\Module\setup\Setting\Company\CompanyComponentForm.js.map
E:\CloudEMR\HMS.Web.UI\dist\out-tsc\app\theme\Module\setup\Setting\ApplicationUser\ApplicationUserComponentForm.js
E:\CloudEMR\HMS.Web.UI\dist\out-tsc\app\theme\Module\setup\Setting\ApplicationUser\ApplicationUserComponentForm.js.map
E:\CloudEMR\HMS.Web.UI\dist\out-tsc\app\theme\Module\setup\Setting\ApplicationUser\ApplicationUserComponentList.js
E:\CloudEMR\HMS.Web.UI\dist\out-tsc\app\theme\Module\setup\Setting\ApplicationUser\ApplicationUserComponentList.js.map
E:\CloudEMR\HMS.Web.UI\dist\out-tsc\app\theme\Module\setup\Setting\userrole\UserRoleModel.js
E:\CloudEMR\HMS.Web.UI\dist\out-tsc\app\theme\Module\setup\Setting\userrole\UserRoleModel.js.map
E:\CloudEMR\HMS.Web.UI\dist\out-tsc\app\theme\Module\setup\Setting\userrole\UserRoleService.js
E:\CloudEMR\HMS.Web.UI\dist\out-tsc\app\theme\Module\setup\Setting\userrole\UserRoleService.js.map
E:\CloudEMR\HMS.Web.UI\dist\out-tsc\app\theme\Module\setup\Setting\userrole\UserRoleComponentList.js
E:\CloudEMR\HMS.Web.UI\dist\out-tsc\app\theme\Module\setup\Setting\userrole\UserRoleComponentList.js.map
E:\CloudEMR\HMS.Web.UI\dist\out-tsc\app\theme\Module\setup\Setting\userrole\UserRoleComponentForm.js
E:\CloudEMR\HMS.Web.UI\dist\out-tsc\app\theme\Module\setup\Setting\userrole\UserRoleComponentForm.js.map
E:\CloudEMR\HMS.Web.UI\dist\out-tsc\app\theme\Module\setup\Setting\ApplicationUser\ProfileUserComponentForm.js
E:\CloudEMR\HMS.Web.UI\dist\out-tsc\app\theme\Module\setup\Setting\ApplicationUser\ProfileUserComponentForm.js.map
E:\CloudEMR\HMS.Web.UI\dist\out-tsc\app\theme\Module\setup\Setting\Medicine\MedicineService.js
E:\CloudEMR\HMS.Web.UI\dist\out-tsc\app\theme\Module\setup\Setting\Medicine\MedicineService.js.map
E:\CloudEMR\HMS.Web.UI\dist\out-tsc\app\theme\Module\setup\Setting\Medicine\MedicineComponentForm.js
E:\CloudEMR\HMS.Web.UI\dist\out-tsc\app\theme\Module\setup\Setting\Medicine\MedicineComponentForm.js.map
E:\CloudEMR\HMS.Web.UI\dist\out-tsc\app\theme\Module\setup\Setting\Medicine\MedicineComponentList.js
E:\CloudEMR\HMS.Web.UI\dist\out-tsc\app\theme\Module\setup\Setting\Medicine\MedicineComponentList.js.map
E:\CloudEMR\HMS.Web.UI\dist\out-tsc\app\theme\Module\setup\Setting\DropDown\DropDownModel.js
E:\CloudEMR\HMS.Web.UI\dist\out-tsc\app\theme\Module\setup\Setting\DropDown\DropDownModel.js.map
E:\CloudEMR\HMS.Web.UI\dist\out-tsc\app\theme\Module\setup\Setting\DropDown\DropDownService.js
E:\CloudEMR\HMS.Web.UI\dist\out-tsc\app\theme\Module\setup\Setting\DropDown\DropDownService.js.map
E:\CloudEMR\HMS.Web.UI\dist\out-tsc\app\theme\Module\setup\Setting\DropDown\DropDownComponentList.js
E:\CloudEMR\HMS.Web.UI\dist\out-tsc\app\theme\Module\setup\Setting\DropDown\DropDownComponentList.js.map
E:\CloudEMR\HMS.Web.UI\dist\out-tsc\app\theme\Module\setup\Setting\setting-routing.module.js
E:\CloudEMR\HMS.Web.UI\dist\out-tsc\app\theme\Module\setup\Setting\setting-routing.module.js.map
E:\CloudEMR\HMS.Web.UI\dist\out-tsc\app\theme\Module\setup\Setting\setting.module.js
E:\CloudEMR\HMS.Web.UI\dist\out-tsc\app\theme\Module\setup\Setting\setting.module.js.map
E:\CloudEMR\HMS.Web.UI\dist\out-tsc\environments\environment.prod.js
E:\CloudEMR\HMS.Web.UI\dist\out-tsc\environments\environment.prod.js.map
